<?xml version="1.0" encoding="UTF-8"?>
<!-- Generated by org.testng.reporters.JUnitXMLReporter -->
<testsuite hostname="DESKTOP-NP0C5JN" name="Test" tests="3" failures="1" timestamp="7 Jul 2020 04:00:27 GMT" time="32.316" errors="0">
  <testcase name="VerfiyTiltle" time="0.057" classname="com.dollardays.tests.HomePageTest"/>
  <testcase name="Verfiyheader" time="0.354" classname="com.dollardays.tests.HomePageTest">
    <failure type="java.lang.AssertionError" message="expected [true] but found [false]">
      <![CDATA[java.lang.AssertionError: expected [true] but found [false]
	at com.dollardays.tests.HomePageTest.Verfiyheader(HomePageTest.java:27)
... Removed 28 stack frames]]>
    </failure>
  </testcase> <!-- Verfiyheader -->
  <testcase name="signIn" time="4.898" classname="com.dollardays.tests.signInTest"/>
</testsuite> <!-- Test -->
